<?xml version="1.0" encoding="UTF-8"?>
<!-- Generated by org.testng.reporters.JUnitReportReporter -->
<testsuite hostname="sudhakar-PC" failures="0" tests="1" name="html.Test8" time="23.724" errors="0" timestamp="16 Mar 2019 03:43:58 GMT" skipped="0">
  <testcase classname="html.Test8" name="MyHtm4" time="23.724"/>
</testsuite> <!-- html.Test8 -->
