<?xml version="1.0" encoding="UTF-8"?>
<!-- Generated by org.testng.reporters.JUnitReportReporter -->
<testsuite hostname="sudhakar-PC" failures="0" tests="1" name="EXPORT.pimempnamesearch" time="72.920" errors="0" timestamp="11 Mar 2019 06:21:37 GMT" skipped="0">
  <testcase classname="EXPORT.pimempnamesearch" name="pim_searchby_name" time="72.920"/>
</testsuite> <!-- EXPORT.pimempnamesearch -->
