<?xml version="1.0" encoding="UTF-8"?>
<!-- Generated by org.testng.reporters.JUnitReportReporter -->
<testsuite hostname="sudhakar-PC" failures="0" tests="1" name="html.ORANGEHTML" time="18.698" errors="0" timestamp="16 Mar 2019 05:44:38 GMT" skipped="0">
  <testcase classname="html.ORANGEHTML" name="OrangeHTML" time="18.698"/>
</testsuite> <!-- html.ORANGEHTML -->
