<?xml version="1.0" encoding="UTF-8"?>
<!-- Generated by org.testng.reporters.JUnitReportReporter -->
<testsuite hostname="sudhakar-PC" failures="0" tests="1" name="Orange_Pim.PimEmployeeList" time="62.293" errors="0" timestamp="13 Mar 2019 06:42:12 GMT" skipped="0">
  <testcase classname="Orange_Pim.PimEmployeeList" name="DatadrivenTest_AddEmployess" time="62.293"/>
</testsuite> <!-- Orange_Pim.PimEmployeeList -->
