<?xml version="1.0" encoding="UTF-8"?>
<!-- Generated by org.testng.reporters.JUnitReportReporter -->
<testsuite hostname="sudhakar-PC" failures="0" tests="1" name="EXPORT.pimempsearch" time="25.677" errors="0" timestamp="11 Mar 2019 05:29:32 GMT" skipped="0">
  <testcase classname="EXPORT.pimempsearch" name="pim_searchby_id" time="25.677"/>
</testsuite> <!-- EXPORT.pimempsearch -->
