<?xml version="1.0" encoding="UTF-8"?>
<!-- Generated by org.testng.reporters.JUnitReportReporter -->
<testsuite hostname="sudhakar-PC" failures="0" tests="1" name="EXPORT.boolean_searchvariousroles" time="118.856" errors="0" timestamp="13 Mar 2019 08:20:36 GMT" skipped="0">
  <testcase classname="EXPORT.boolean_searchvariousroles" name="boolean_datadriventest" time="118.856"/>
</testsuite> <!-- EXPORT.boolean_searchvariousroles -->
