<?xml version="1.0" encoding="UTF-8"?>
<!-- Generated by org.testng.reporters.JUnitReportReporter -->
<testsuite hostname="sudhakar-PC" failures="0" tests="1" name="EXPORT.BOOLEAN" time="29.766" errors="0" timestamp="08 Mar 2019 06:08:40 GMT" skipped="0">
  <testcase classname="EXPORT.BOOLEAN" name="boolean_datadriventest" time="29.766"/>
</testsuite> <!-- EXPORT.BOOLEAN -->
