<?xml version="1.0" encoding="UTF-8"?>
<!-- Generated by org.testng.reporters.JUnitReportReporter -->
<testsuite hostname="sudhakar-PC" failures="0" tests="1" name="EXPORT.AddEmp" time="59.121" errors="0" timestamp="17 Mar 2019 05:43:28 GMT" skipped="0">
  <testcase classname="EXPORT.AddEmp" name="AddEmp_datadriventest" time="59.121"/>
</testsuite> <!-- EXPORT.AddEmp -->
