<?xml version="1.0" encoding="UTF-8"?>
<!-- Generated by org.testng.reporters.JUnitReportReporter -->
<testsuite hostname="sudhakar-PC" failures="0" tests="2" name="html.Test9" time="89.133" errors="0" timestamp="16 Mar 2019 03:34:22 GMT" skipped="0">
  <testcase classname="html.Test9" name="MyHtm5" time="44.776"/>
  <testcase classname="html.Test9" name="MyHtm4" time="44.357"/>
</testsuite> <!-- html.Test9 -->
